<?xml version="1.0" encoding="UTF-8"?>
<!-- Generated by org.testng.reporters.JUnitReportReporter -->
<testsuite hostname="LTIN518652" failures="0" tests="2" name="testNg_Examples.firstEx" time="0.015" errors="0" timestamp="2024-05-13T12:07:33 IST" skipped="0">
  <testcase classname="testNg_Examples.firstEx" name="test1" time="0.013"/>
  <testcase classname="testNg_Examples.firstEx" name="test2" time="0.002"/>
</testsuite> <!-- testNg_Examples.firstEx -->
